2022-12-04 16:16:11,462 [MainThread  ] [INFO ]  Scheduler started
2022-12-04 16:16:11,465 [MainThread  ] [INFO ]  gmonster_desktop_id - e86e379f-5918-412f-b903-d11e6a1b7c20
2022-12-04 16:16:12,029 [MainThread  ] [INFO ]  Scheduler started
2022-12-04 16:16:12,255 [MainThread  ] [INFO ]  auto_fire_responses_webhook timer started
2022-12-04 16:16:36,397 [Thread-4    ] [INFO ]  Scheduler Campaign config saved
2022-12-04 16:16:36,459 [Thread-3    ] [INFO ]  Added job "e3c051e7-8d6f-4a4e-98ac-4acfb69ccda7-group_a" to job store "default"
2022-12-04 16:16:36,460 [Thread-3    ] [INFO ]  Scheduled job id: e3c051e7-8d6f-4a4e-98ac-4acfb69ccda7-group_a at 2022-12-04 16:17:00
2022-12-04 16:16:45,075 [Thread-5    ] [INFO ]  Added job "7a759a30-7245-4d74-a33f-56f432c00009-group_a" to job store "default"
2022-12-04 16:16:45,082 [Thread-5    ] [INFO ]  Scheduled job id: 7a759a30-7245-4d74-a33f-56f432c00009-group_a at 2022-12-04 16:27:00
2022-12-04 16:16:45,165 [Thread-6    ] [INFO ]  Scheduler Campaign config saved
2022-12-04 16:17:00,011 [ThreadPoolEx] [INFO ]  Starting MyMainClass.run_scheduled_campaign id: e3c051e7-8d6f-4a4e-98ac-4acfb69ccda7-group_a
2022-12-04 16:17:00,012 [APScheduler ] [INFO ]  Removed job e3c051e7-8d6f-4a4e-98ac-4acfb69ccda7-group_a
2022-12-04 16:17:00,015 [Thread-7    ] [INFO ]  Starting pulling data from airtable
2022-12-04 16:17:00,016 [Thread-7    ] [INFO ]  PullTargetAirtable - Downloading data from airtable without desktop id
2022-12-04 16:17:01,862 [Thread-7    ] [INFO ]  PullTargetAirtable - Downloading data from airtable without desktop id: DONE
2022-12-04 16:17:01,865 [Thread-7    ] [INFO ]  PullTargetAirtable - Rearranging data
2022-12-04 16:17:02,082 [Thread-7    ] [INFO ]  Pandas to DB done!
2022-12-04 16:17:02,132 [Thread-7    ] [INFO ]  Completed pulling data from airtable
2022-12-04 16:19:33,113 [Thread-8    ] [INFO ]  config updated
2022-12-04 16:19:33,120 [Thread-9    ] [INFO ]  
 Starting Send Campaign : 
 Target Removal - True
 Group Selected: Group A
 Webhook Enabled: False
 Email Block Check: False
 Emails Per Account: 1
 Len of Group: 2
 Len of Targets: 2
 Delay: 0 - 10
 Campaign ID: dcd35ba7-605f-4a8e-83ae-729a1d963c90
 Add Custom Hostname: False
2022-12-04 16:19:33,120 [ThreadPoolEx] [INFO ]  Completing MyMainClass.run_scheduled_campaign id: e3c051e7-8d6f-4a4e-98ac-4acfb69ccda7-group_a
2022-12-04 16:19:33,135 [Thread-9    ] [INFO ]  
Starting Thread : Name - saidunuhu579@gmail.com
Targets Count - 1
2022-12-04 16:19:33,137 [Thread-9    ] [INFO ]  Length - 1 saidunuhu579@gmail.com
2022-12-04 16:19:33,139 [Thread-9    ] [INFO ]  
Starting Thread : Name - lithbello60@gmail.com
Targets Count - 1
2022-12-04 16:19:33,140 [Thread-9    ] [INFO ]  Length - 1 lithbello60@gmail.com
2022-12-04 16:19:42,583 [saidunuhu579] [INFO ]  Sent - saidunuhu579@gmail.com mdshahimranshovon@gmail.com
2022-12-04 16:19:43,153 [AddCachedTar] [INFO ]  Database.add_to_cached_targets() - Already Exists
2022-12-04 16:19:43,287 [RemoveTarget] [INFO ]  Deleted id - 1
2022-12-04 16:19:44,645 [lithbello60@] [INFO ]  Sent - lithbello60@gmail.com shahimrans64@gmail.com
2022-12-04 16:19:45,151 [Thread-9    ] [INFO ]  removing email from target...
2022-12-04 16:19:45,155 [AddCachedTar] [INFO ]  Database.add_to_cached_targets() - Already Exists
2022-12-04 16:19:45,428 [RemoveTarget] [INFO ]  Deleted id - 2
2022-12-04 16:20:03,106 [Thread-9    ] [INFO ]  Sending Finished dcd35ba7-605f-4a8e-83ae-729a1d963c90
2022-12-04 16:22:09,841 [MainThread  ] [INFO ]  Scheduler has been shut down
2022-12-04 16:22:14,417 [MainThread  ] [INFO ]  Scheduler started
2022-12-04 16:22:14,420 [MainThread  ] [INFO ]  gmonster_desktop_id - e86e379f-5918-412f-b903-d11e6a1b7c20
2022-12-04 16:22:14,975 [MainThread  ] [INFO ]  Scheduler started
2022-12-04 16:22:15,222 [MainThread  ] [INFO ]  auto_fire_responses_webhook timer started
2022-12-04 16:22:43,810 [Thread-4    ] [INFO ]  Scheduler Campaign config saved
2022-12-04 16:22:43,872 [Thread-3    ] [INFO ]  Added job "03702cc9-599d-4d4b-ae90-eb39bc795b5e-group_a" to job store "default"
2022-12-04 16:22:43,873 [Thread-3    ] [INFO ]  Scheduled job id: 03702cc9-599d-4d4b-ae90-eb39bc795b5e-group_a at 2022-12-04 16:23:00
2022-12-04 16:22:55,124 [Thread-5    ] [INFO ]  Added job "a448f2a0-84bf-4624-b4bb-33d9dff75922-group_a" to job store "default"
2022-12-04 16:22:55,125 [Thread-5    ] [INFO ]  Scheduled job id: a448f2a0-84bf-4624-b4bb-33d9dff75922-group_a at 2022-12-04 16:25:00
2022-12-04 16:22:55,126 [Thread-6    ] [INFO ]  Scheduler Campaign config saved
2022-12-04 16:23:00,000 [ThreadPoolEx] [INFO ]  Starting MyMainClass.run_scheduled_campaign id: 03702cc9-599d-4d4b-ae90-eb39bc795b5e-group_a
2022-12-04 16:23:00,001 [APScheduler ] [INFO ]  Removed job 03702cc9-599d-4d4b-ae90-eb39bc795b5e-group_a
2022-12-04 16:23:00,003 [Thread-7    ] [INFO ]  Starting pulling data from airtable
2022-12-04 16:23:00,004 [Thread-7    ] [INFO ]  PullTargetAirtable - Downloading data from airtable without desktop id
2022-12-04 16:23:01,514 [Thread-8    ] [INFO ]  Added job "08a3c0f6-e5d8-4c81-a5b4-de8dad1ccab3-group_a" to job store "default"
2022-12-04 16:23:01,515 [Thread-8    ] [INFO ]  Scheduled job id: 08a3c0f6-e5d8-4c81-a5b4-de8dad1ccab3-group_a at 2022-12-04 16:27:00
2022-12-04 16:23:01,516 [Thread-9    ] [INFO ]  Scheduler Campaign config saved
2022-12-04 16:23:01,789 [Thread-7    ] [INFO ]  PullTargetAirtable - Downloading data from airtable without desktop id: DONE
2022-12-04 16:23:01,789 [Thread-7    ] [INFO ]  PullTargetAirtable - Rearranging data
2022-12-04 16:23:01,994 [Thread-7    ] [INFO ]  Pandas to DB done!
2022-12-04 16:23:02,038 [Thread-7    ] [INFO ]  Completed pulling data from airtable
2022-12-04 16:23:03,016 [Thread-10   ] [INFO ]  config updated
2022-12-04 16:23:03,019 [ThreadPoolEx] [INFO ]  Completing MyMainClass.run_scheduled_campaign id: 03702cc9-599d-4d4b-ae90-eb39bc795b5e-group_a
2022-12-04 16:23:03,019 [Thread-11   ] [INFO ]  
 Starting Send Campaign : 
 Target Removal - True
 Group Selected: Group A
 Webhook Enabled: False
 Email Block Check: False
 Emails Per Account: 1
 Len of Group: 2
 Len of Targets: 2
 Delay: 0 - 10
 Campaign ID: 5b306625-722a-4dda-9611-0c354eb4f2fe
 Add Custom Hostname: False
2022-12-04 16:23:03,028 [Thread-11   ] [INFO ]  
Starting Thread : Name - saidunuhu579@gmail.com
Targets Count - 1
2022-12-04 16:23:03,030 [Thread-11   ] [INFO ]  Length - 1 saidunuhu579@gmail.com
2022-12-04 16:23:03,031 [Thread-11   ] [INFO ]  
Starting Thread : Name - lithbello60@gmail.com
Targets Count - 1
2022-12-04 16:23:03,032 [Thread-11   ] [INFO ]  Length - 1 lithbello60@gmail.com
2022-12-04 16:23:15,338 [saidunuhu579] [INFO ]  Sent - saidunuhu579@gmail.com mdshahimranshovon@gmail.com
2022-12-04 16:23:15,549 [lithbello60@] [INFO ]  Sent - lithbello60@gmail.com shahimrans64@gmail.com
2022-12-04 16:23:16,034 [AddCachedTar] [INFO ]  Database.add_to_cached_targets() - Already Exists
2022-12-04 16:23:16,042 [Thread-11   ] [INFO ]  removing email from target...
2022-12-04 16:23:16,176 [RemoveTarget] [INFO ]  Deleted id - 1
2022-12-04 16:23:17,039 [AddCachedTar] [INFO ]  Database.add_to_cached_targets() - Already Exists
2022-12-04 16:23:17,239 [RemoveTarget] [INFO ]  Deleted id - 2
2022-12-04 16:23:18,141 [Thread-11   ] [INFO ]  Sending Finished 5b306625-722a-4dda-9611-0c354eb4f2fe
2022-12-04 16:25:00,001 [ThreadPoolEx] [INFO ]  Starting MyMainClass.run_scheduled_campaign id: a448f2a0-84bf-4624-b4bb-33d9dff75922-group_a
2022-12-04 16:25:00,001 [APScheduler ] [INFO ]  Removed job a448f2a0-84bf-4624-b4bb-33d9dff75922-group_a
2022-12-04 16:25:00,004 [Thread-16   ] [INFO ]  Starting pulling data from airtable
2022-12-04 16:25:00,005 [Thread-16   ] [INFO ]  PullTargetAirtable - Downloading data from airtable without desktop id
2022-12-04 16:25:01,974 [Thread-16   ] [INFO ]  PullTargetAirtable - Downloading data from airtable without desktop id: DONE
2022-12-04 16:25:01,974 [Thread-16   ] [INFO ]  PullTargetAirtable - Rearranging data
2022-12-04 16:25:02,421 [Thread-16   ] [INFO ]  Pandas to DB done!
2022-12-04 16:25:02,473 [Thread-16   ] [INFO ]  Completed pulling data from airtable
2022-12-04 16:25:03,008 [Thread-17   ] [INFO ]  config updated
2022-12-04 16:25:03,010 [Thread-18   ] [INFO ]  
 Starting Send Campaign : 
 Target Removal - True
 Group Selected: Group A
 Webhook Enabled: False
 Email Block Check: False
 Emails Per Account: 1
 Len of Group: 2
 Len of Targets: 2
 Delay: 0 - 10
 Campaign ID: 8c69d12c-fb20-4644-a8a6-de0aae0e7f59
 Add Custom Hostname: False
2022-12-04 16:25:03,011 [ThreadPoolEx] [INFO ]  Completing MyMainClass.run_scheduled_campaign id: a448f2a0-84bf-4624-b4bb-33d9dff75922-group_a
2022-12-04 16:25:03,018 [Thread-18   ] [INFO ]  
Starting Thread : Name - saidunuhu579@gmail.com
Targets Count - 1
2022-12-04 16:25:03,019 [Thread-18   ] [INFO ]  Length - 1 saidunuhu579@gmail.com
2022-12-04 16:25:03,020 [Thread-18   ] [INFO ]  
Starting Thread : Name - lithbello60@gmail.com
Targets Count - 1
2022-12-04 16:25:03,022 [Thread-18   ] [INFO ]  Length - 1 lithbello60@gmail.com
2022-12-04 16:25:11,245 [lithbello60@] [INFO ]  Sent - lithbello60@gmail.com shahimrans64@gmail.com
2022-12-04 16:25:12,021 [AddCachedTar] [INFO ]  Database.add_to_cached_targets() - Already Exists
2022-12-04 16:25:12,156 [RemoveTarget] [INFO ]  Deleted id - 2
2022-12-04 16:25:17,538 [saidunuhu579] [INFO ]  Sent - saidunuhu579@gmail.com mdshahimranshovon@gmail.com
2022-12-04 16:25:18,028 [AddCachedTar] [INFO ]  Database.add_to_cached_targets() - Already Exists
2022-12-04 16:25:18,033 [Thread-18   ] [INFO ]  removing email from target...
2022-12-04 16:25:18,305 [RemoveTarget] [INFO ]  Deleted id - 1
2022-12-04 16:25:19,144 [Thread-18   ] [INFO ]  Sending Finished 8c69d12c-fb20-4644-a8a6-de0aae0e7f59
2022-12-04 16:27:00,003 [ThreadPoolEx] [INFO ]  Starting MyMainClass.run_scheduled_campaign id: 08a3c0f6-e5d8-4c81-a5b4-de8dad1ccab3-group_a
2022-12-04 16:27:00,004 [APScheduler ] [INFO ]  Removed job 08a3c0f6-e5d8-4c81-a5b4-de8dad1ccab3-group_a
2022-12-04 16:27:00,007 [Thread-23   ] [INFO ]  Starting pulling data from airtable
2022-12-04 16:27:00,008 [Thread-23   ] [INFO ]  PullTargetAirtable - Downloading data from airtable without desktop id
2022-12-04 16:27:01,917 [Thread-23   ] [INFO ]  PullTargetAirtable - Downloading data from airtable without desktop id: DONE
2022-12-04 16:27:01,918 [Thread-23   ] [INFO ]  PullTargetAirtable - Rearranging data
2022-12-04 16:27:02,443 [Thread-23   ] [INFO ]  Pandas to DB done!
2022-12-04 16:27:02,493 [Thread-23   ] [INFO ]  Completed pulling data from airtable
2022-12-04 16:27:03,012 [Thread-24   ] [INFO ]  config updated
2022-12-04 16:27:03,014 [Thread-25   ] [INFO ]  
 Starting Send Campaign : 
 Target Removal - True
 Group Selected: Group A
 Webhook Enabled: False
 Email Block Check: False
 Emails Per Account: 1
 Len of Group: 2
 Len of Targets: 2
 Delay: 0 - 10
 Campaign ID: 6c66aa0f-ab81-48cd-bad5-bbae63e37a17
 Add Custom Hostname: False
2022-12-04 16:27:03,014 [ThreadPoolEx] [INFO ]  Completing MyMainClass.run_scheduled_campaign id: 08a3c0f6-e5d8-4c81-a5b4-de8dad1ccab3-group_a
2022-12-04 16:27:03,020 [Thread-25   ] [INFO ]  
Starting Thread : Name - saidunuhu579@gmail.com
Targets Count - 1
2022-12-04 16:27:03,020 [Thread-25   ] [INFO ]  Length - 1 saidunuhu579@gmail.com
2022-12-04 16:27:03,022 [Thread-25   ] [INFO ]  
Starting Thread : Name - lithbello60@gmail.com
Targets Count - 1
2022-12-04 16:27:03,023 [Thread-25   ] [INFO ]  Length - 1 lithbello60@gmail.com
2022-12-04 16:27:09,472 [lithbello60@] [INFO ]  Sent - lithbello60@gmail.com shahimrans64@gmail.com
2022-12-04 16:27:10,025 [AddCachedTar] [INFO ]  Database.add_to_cached_targets() - Already Exists
2022-12-04 16:27:10,167 [RemoveTarget] [INFO ]  Deleted id - 2
2022-12-04 16:27:18,892 [saidunuhu579] [INFO ]  Sent - saidunuhu579@gmail.com mdshahimranshovon@gmail.com
2022-12-04 16:27:19,031 [AddCachedTar] [INFO ]  Database.add_to_cached_targets() - Already Exists
2022-12-04 16:27:19,241 [RemoveTarget] [INFO ]  Deleted id - 1
2022-12-04 16:27:20,037 [Thread-25   ] [INFO ]  removing email from target...
2022-12-04 16:27:20,146 [Thread-25   ] [INFO ]  Sending Finished 6c66aa0f-ab81-48cd-bad5-bbae63e37a17
2022-12-04 16:27:29,618 [Thread-30   ] [INFO ]  config updated
2022-12-04 16:27:43,098 [Thread-31   ] [INFO ]  Added job "22f7c6d8-61bb-4f64-b62e-a37ab33f0533-group_a" to job store "default"
2022-12-04 16:27:43,099 [Thread-31   ] [INFO ]  Scheduled job id: 22f7c6d8-61bb-4f64-b62e-a37ab33f0533-group_a at 2022-12-04 16:28:00
2022-12-04 16:27:43,100 [Thread-32   ] [INFO ]  Scheduler Campaign config saved
2022-12-04 16:27:47,774 [Thread-33   ] [INFO ]  Added job "cd74add5-4f02-4163-908a-772cafd36aa3-group_a" to job store "default"
2022-12-04 16:27:47,775 [Thread-33   ] [INFO ]  Scheduled job id: cd74add5-4f02-4163-908a-772cafd36aa3-group_a at 2022-12-04 16:29:00
2022-12-04 16:27:47,775 [Thread-34   ] [INFO ]  Scheduler Campaign config saved
2022-12-04 16:28:00,006 [ThreadPoolEx] [INFO ]  Starting MyMainClass.run_scheduled_campaign id: 22f7c6d8-61bb-4f64-b62e-a37ab33f0533-group_a
2022-12-04 16:28:00,006 [APScheduler ] [INFO ]  Removed job 22f7c6d8-61bb-4f64-b62e-a37ab33f0533-group_a
2022-12-04 16:28:00,017 [Thread-35   ] [INFO ]  Starting pulling data from airtable
2022-12-04 16:28:00,017 [Thread-35   ] [INFO ]  PullTargetAirtable - Downloading data from airtable without desktop id
2022-12-04 16:28:01,988 [Thread-35   ] [INFO ]  PullTargetAirtable - Downloading data from airtable without desktop id: DONE
2022-12-04 16:28:01,990 [Thread-35   ] [INFO ]  PullTargetAirtable - Rearranging data
2022-12-04 16:28:02,213 [Thread-35   ] [INFO ]  Pandas to DB done!
2022-12-04 16:28:02,260 [Thread-35   ] [INFO ]  Completed pulling data from airtable
2022-12-04 16:28:03,023 [Thread-36   ] [INFO ]  config updated
2022-12-04 16:28:03,025 [ThreadPoolEx] [INFO ]  Completing MyMainClass.run_scheduled_campaign id: 22f7c6d8-61bb-4f64-b62e-a37ab33f0533-group_a
2022-12-04 16:28:03,026 [Thread-37   ] [INFO ]  
 Starting Send Campaign : 
 Target Removal - True
 Group Selected: Group A
 Webhook Enabled: False
 Email Block Check: False
 Emails Per Account: 1
 Len of Group: 2
 Len of Targets: 2
 Delay: 0 - 10
 Campaign ID: 72698a15-4c62-4a74-93e0-6041beeb7bff
 Add Custom Hostname: False
2022-12-04 16:28:03,031 [Thread-37   ] [INFO ]  
Starting Thread : Name - saidunuhu579@gmail.com
Targets Count - 1
2022-12-04 16:28:03,033 [Thread-37   ] [INFO ]  Length - 1 saidunuhu579@gmail.com
2022-12-04 16:28:03,034 [Thread-37   ] [INFO ]  
Starting Thread : Name - lithbello60@gmail.com
Targets Count - 1
2022-12-04 16:28:03,035 [Thread-37   ] [INFO ]  Length - 1 lithbello60@gmail.com
2022-12-04 16:28:09,413 [saidunuhu579] [INFO ]  Sent - saidunuhu579@gmail.com mdshahimranshovon@gmail.com
2022-12-04 16:28:10,038 [AddCachedTar] [INFO ]  Database.add_to_cached_targets() - Already Exists
2022-12-04 16:28:10,181 [RemoveTarget] [INFO ]  Deleted id - 1
2022-12-04 16:28:14,290 [lithbello60@] [INFO ]  Sent - lithbello60@gmail.com shahimrans64@gmail.com
2022-12-04 16:28:15,049 [AddCachedTar] [INFO ]  Database.add_to_cached_targets() - Already Exists
2022-12-04 16:28:15,050 [Thread-37   ] [INFO ]  removing email from target...
2022-12-04 16:28:15,654 [RemoveTarget] [INFO ]  Deleted id - 2
2022-12-04 16:28:16,148 [Thread-37   ] [INFO ]  Sending Finished 72698a15-4c62-4a74-93e0-6041beeb7bff
2022-12-04 16:29:00,012 [ThreadPoolEx] [INFO ]  Starting MyMainClass.run_scheduled_campaign id: cd74add5-4f02-4163-908a-772cafd36aa3-group_a
2022-12-04 16:29:00,012 [APScheduler ] [INFO ]  Removed job cd74add5-4f02-4163-908a-772cafd36aa3-group_a
2022-12-04 16:29:00,015 [Thread-42   ] [INFO ]  Starting pulling data from airtable
2022-12-04 16:29:00,016 [Thread-42   ] [INFO ]  PullTargetAirtable - Downloading data from airtable without desktop id
2022-12-04 16:29:01,894 [Thread-42   ] [INFO ]  PullTargetAirtable - Downloading data from airtable without desktop id: DONE
2022-12-04 16:29:01,894 [Thread-42   ] [INFO ]  PullTargetAirtable - Rearranging data
2022-12-04 16:29:02,350 [Thread-42   ] [INFO ]  Pandas to DB done!
2022-12-04 16:29:02,396 [Thread-42   ] [INFO ]  Completed pulling data from airtable
2022-12-04 16:29:03,019 [Thread-43   ] [INFO ]  config updated
2022-12-04 16:29:03,021 [ThreadPoolEx] [INFO ]  Completing MyMainClass.run_scheduled_campaign id: cd74add5-4f02-4163-908a-772cafd36aa3-group_a
2022-12-04 16:29:03,021 [Thread-44   ] [INFO ]  
 Starting Send Campaign : 
 Target Removal - True
 Group Selected: Group A
 Webhook Enabled: False
 Email Block Check: False
 Emails Per Account: 1
 Len of Group: 2
 Len of Targets: 2
 Delay: 0 - 10
 Campaign ID: 55696e37-9231-4a6d-a9ce-b4a6f88295d8
 Add Custom Hostname: False
2022-12-04 16:29:03,026 [Thread-44   ] [INFO ]  
Starting Thread : Name - saidunuhu579@gmail.com
Targets Count - 1
2022-12-04 16:29:03,027 [Thread-44   ] [INFO ]  Length - 1 saidunuhu579@gmail.com
2022-12-04 16:29:03,028 [Thread-44   ] [INFO ]  
Starting Thread : Name - lithbello60@gmail.com
Targets Count - 1
2022-12-04 16:29:03,030 [Thread-44   ] [INFO ]  Length - 1 lithbello60@gmail.com
2022-12-04 16:29:11,419 [saidunuhu579] [INFO ]  Sent - saidunuhu579@gmail.com mdshahimranshovon@gmail.com
2022-12-04 16:29:12,033 [AddCachedTar] [INFO ]  Database.add_to_cached_targets() - Already Exists
2022-12-04 16:29:12,184 [RemoveTarget] [INFO ]  Deleted id - 1
2022-12-04 16:29:16,253 [lithbello60@] [INFO ]  Sent - lithbello60@gmail.com shahimrans64@gmail.com
2022-12-04 16:29:17,037 [AddCachedTar] [INFO ]  Database.add_to_cached_targets() - Already Exists
2022-12-04 16:29:17,040 [Thread-44   ] [INFO ]  removing email from target...
2022-12-04 16:29:17,343 [RemoveTarget] [INFO ]  Deleted id - 2
2022-12-04 16:29:18,149 [Thread-44   ] [INFO ]  Sending Finished 55696e37-9231-4a6d-a9ce-b4a6f88295d8
2022-12-04 16:36:54,892 [MainThread  ] [INFO ]  Scheduler has been shut down
2022-12-17 22:36:44,156 [MainThread  ] [INFO ]  Scheduler started
2022-12-17 22:36:44,227 [MainThread  ] [INFO ]  gmonster_desktop_id - e86e379f-5918-412f-b903-d11e6a1b7c20
2022-12-17 22:36:48,152 [MainThread  ] [INFO ]  Scheduler started
2022-12-17 22:36:49,608 [MainThread  ] [INFO ]  auto_fire_responses_webhook timer started
2022-12-17 22:37:20,870 [Thread-3    ] [INFO ]  config updated
2022-12-17 22:48:22,291 [Thread-4    ] [INFO ]  config updated
2022-12-17 22:48:32,304 [SendReport_I] [ERROR]  Error at SendWebhook Inbox part 2 : Invalid URL '5677b742-b72f-470a-93da-08ab4596ced3@email.webhook.site': No schema supplied. Perhaps you meant http://5677b742-b72f-470a-93da-08ab4596ced3@email.webhook.site?
2022-12-17 22:48:33,309 [SendReport_I] [ERROR]  Error at SendWebhook Inbox part 2 : Invalid URL '5677b742-b72f-470a-93da-08ab4596ced3@email.webhook.site': No schema supplied. Perhaps you meant http://5677b742-b72f-470a-93da-08ab4596ced3@email.webhook.site?
2022-12-17 22:48:34,313 [SendReport_I] [ERROR]  Error at SendWebhook Inbox part 2 : Invalid URL '5677b742-b72f-470a-93da-08ab4596ced3@email.webhook.site': No schema supplied. Perhaps you meant http://5677b742-b72f-470a-93da-08ab4596ced3@email.webhook.site?
2022-12-17 22:48:34,316 [SendReport_I] [ERROR]  Error at SendWebhook Inbox part 2 : Invalid URL '5677b742-b72f-470a-93da-08ab4596ced3@email.webhook.site': No schema supplied. Perhaps you meant http://5677b742-b72f-470a-93da-08ab4596ced3@email.webhook.site?
2022-12-17 22:48:35,320 [SendReport_I] [ERROR]  Error at SendWebhook Inbox part 2 : Invalid URL '5677b742-b72f-470a-93da-08ab4596ced3@email.webhook.site': No schema supplied. Perhaps you meant http://5677b742-b72f-470a-93da-08ab4596ced3@email.webhook.site?
2022-12-17 22:48:44,315 [Thread-5    ] [INFO ]  Downloading finished
2022-12-17 22:48:53,640 [Thread-9    ] [INFO ]  config updated
2022-12-17 22:49:01,330 [Thread-10   ] [INFO ]  config updated
2022-12-17 22:49:48,350 [Thread-11   ] [INFO ]  Downloading finished
2022-12-17 22:51:14,151 [MainThread  ] [INFO ]  Scheduler has been shut down
2022-12-17 23:02:40,588 [MainThread  ] [INFO ]  Scheduler started
2022-12-17 23:02:40,592 [MainThread  ] [INFO ]  gmonster_desktop_id - e86e379f-5918-412f-b903-d11e6a1b7c20
2022-12-17 23:02:41,176 [MainThread  ] [INFO ]  Scheduler started
2022-12-17 23:02:41,387 [MainThread  ] [INFO ]  auto_fire_responses_webhook timer started
2022-12-17 23:22:40,839 [MainThread  ] [INFO ]  Scheduler has been shut down
2022-12-17 23:28:00,678 [MainThread  ] [INFO ]  Scheduler started
2022-12-17 23:28:00,681 [MainThread  ] [INFO ]  gmonster_desktop_id - e86e379f-5918-412f-b903-d11e6a1b7c20
2022-12-17 23:28:01,293 [MainThread  ] [INFO ]  Scheduler started
2022-12-17 23:28:01,628 [MainThread  ] [INFO ]  auto_fire_responses_webhook timer started
2022-12-17 23:31:37,631 [Thread-3    ] [INFO ]  auto_fire_responses_webhook started
2022-12-17 23:31:47,644 [Thread-3    ] [INFO ]  Downloading finished
2022-12-17 23:31:47,647 [Thread-3    ] [INFO ]  auto_fire_responses_webhook finished
2022-12-17 23:32:09,276 [MainThread  ] [INFO ]  Scheduler has been shut down
2022-12-17 23:32:42,614 [MainThread  ] [INFO ]  Scheduler started
2022-12-17 23:32:42,617 [MainThread  ] [INFO ]  gmonster_desktop_id - e86e379f-5918-412f-b903-d11e6a1b7c20
2022-12-17 23:32:43,187 [MainThread  ] [INFO ]  Scheduler started
2022-12-17 23:32:43,453 [MainThread  ] [INFO ]  auto_fire_responses_webhook timer started
2022-12-17 23:36:19,464 [Thread-3    ] [INFO ]  auto_fire_responses_webhook started
2022-12-17 23:36:29,481 [Thread-3    ] [INFO ]  Downloading finished
2022-12-17 23:36:29,485 [Thread-3    ] [INFO ]  auto_fire_responses_webhook finished
2022-12-17 23:38:54,881 [MainThread  ] [INFO ]  Scheduler has been shut down
2022-12-17 23:39:01,609 [MainThread  ] [INFO ]  Scheduler started
2022-12-17 23:39:01,612 [MainThread  ] [INFO ]  gmonster_desktop_id - e86e379f-5918-412f-b903-d11e6a1b7c20
2022-12-17 23:39:02,229 [MainThread  ] [INFO ]  Scheduler started
2022-12-17 23:39:02,564 [MainThread  ] [INFO ]  auto_fire_responses_webhook timer started
2022-12-17 23:40:36,823 [MainThread  ] [INFO ]  Scheduler has been shut down
2022-12-17 23:40:40,778 [MainThread  ] [INFO ]  Scheduler started
2022-12-17 23:40:40,781 [MainThread  ] [INFO ]  gmonster_desktop_id - e86e379f-5918-412f-b903-d11e6a1b7c20
2022-12-17 23:40:41,341 [MainThread  ] [INFO ]  Scheduler started
2022-12-17 23:40:41,595 [MainThread  ] [INFO ]  auto_fire_responses_webhook Interval: <bound PYQT_SIGNAL timeout of QTimer object at 0x00000232318393A8>
2022-12-17 23:40:41,596 [MainThread  ] [INFO ]  auto_fire_responses_webhook timer started
2022-12-17 23:42:38,168 [MainThread  ] [INFO ]  Scheduler has been shut down
2022-12-17 23:42:41,025 [MainThread  ] [INFO ]  Scheduler started
2022-12-17 23:42:41,029 [MainThread  ] [INFO ]  gmonster_desktop_id - e86e379f-5918-412f-b903-d11e6a1b7c20
2022-12-17 23:42:41,584 [MainThread  ] [INFO ]  Scheduler started
2022-12-17 23:42:41,841 [MainThread  ] [INFO ]  auto_fire_responses_webhook Interval: 21600000
2022-12-17 23:42:41,842 [MainThread  ] [INFO ]  auto_fire_responses_webhook timer started
2022-12-17 23:43:02,105 [MainThread  ] [INFO ]  Scheduler has been shut down
2022-12-17 23:43:06,487 [MainThread  ] [INFO ]  Scheduler started
2022-12-17 23:43:06,491 [MainThread  ] [INFO ]  gmonster_desktop_id - e86e379f-5918-412f-b903-d11e6a1b7c20
2022-12-17 23:43:07,036 [MainThread  ] [INFO ]  Scheduler started
2022-12-17 23:43:07,286 [MainThread  ] [INFO ]  auto_fire_responses_webhook Interval: 216000
2022-12-17 23:43:07,287 [MainThread  ] [INFO ]  auto_fire_responses_webhook timer started
2022-12-17 23:44:00,994 [MainThread  ] [INFO ]  Scheduler has been shut down
2023-01-20 12:34:48,614 [MainThread  ] [INFO ]  Logger Started
2023-01-20 12:34:51,787 [MainThread  ] [INFO ]  Scheduler started
2023-01-20 12:34:51,901 [MainThread  ] [INFO ]  gmonster_desktop_id - e86e379f-5918-412f-b903-d11e6a1b7c20
2023-01-20 12:34:56,979 [MainThread  ] [INFO ]  Logger Started
2023-01-20 12:34:56,980 [MainThread  ] [INFO ]  Scheduler started
2023-01-20 12:34:58,323 [MainThread  ] [INFO ]  auto_fire_responses_webhook Interval: 6 hour
2023-01-20 12:34:58,328 [MainThread  ] [INFO ]  auto_fire_responses_webhook timer started
2023-01-20 15:26:31,816 [MainThread  ] [INFO ]  Scheduler has been shut down
2023-01-20 16:44:46,389 [MainThread  ] [INFO ]  Logger Started
2023-01-20 16:44:46,945 [MainThread  ] [INFO ]  Scheduler started
2023-01-20 16:44:46,950 [MainThread  ] [INFO ]  gmonster_desktop_id - e86e379f-5918-412f-b903-d11e6a1b7c20
2023-01-20 16:44:47,599 [MainThread  ] [INFO ]  Logger Started
2023-01-20 16:44:47,603 [MainThread  ] [INFO ]  Scheduler started
2023-01-20 16:44:47,890 [MainThread  ] [INFO ]  auto_fire_responses_webhook Interval: 6 hour
2023-01-20 16:44:47,891 [MainThread  ] [INFO ]  auto_fire_responses_webhook timer started
2023-01-20 16:46:11,938 [MainThread  ] [INFO ]  Logger Started
2023-01-20 16:46:12,141 [MainThread  ] [INFO ]  Scheduler started
2023-01-20 16:46:12,146 [MainThread  ] [INFO ]  gmonster_desktop_id - e86e379f-5918-412f-b903-d11e6a1b7c20
2023-01-20 16:46:12,793 [APScheduler ] [INFO ]  Logger Started
2023-01-20 16:46:12,798 [APScheduler ] [INFO ]  Scheduler started
2023-01-20 16:46:13,083 [APScheduler ] [INFO ]  auto_fire_responses_webhook Interval: 6 hour
2023-01-20 16:46:13,084 [APScheduler ] [INFO ]  auto_fire_responses_webhook timer started
2023-01-20 17:04:35,718 [MainThread  ] [INFO ]  Logger Started
2023-01-20 17:04:35,922 [MainThread  ] [INFO ]  Scheduler started
2023-01-20 17:04:35,928 [MainThread  ] [INFO ]  gmonster_desktop_id - e86e379f-5918-412f-b903-d11e6a1b7c20
2023-01-20 17:04:36,553 [APScheduler ] [INFO ]  Logger Started
2023-01-20 17:04:36,561 [APScheduler ] [INFO ]  Scheduler started
2023-01-20 17:04:36,848 [APScheduler ] [INFO ]  auto_fire_responses_webhook Interval: 6 hour
2023-01-20 17:04:36,849 [APScheduler ] [INFO ]  auto_fire_responses_webhook timer started
2023-01-20 17:04:53,695 [Thread-6    ] [INFO ]  Scheduler Campaign config saved
2023-01-20 17:05:17,438 [Thread-9    ] [INFO ]  Scheduler Campaign config saved
2023-01-20 20:33:20,826 [MainThread  ] [INFO ]  Logger Started
2023-01-20 20:33:20,888 [MainThread  ] [INFO ]  Scheduler started
2023-01-20 20:33:20,893 [MainThread  ] [INFO ]  gmonster_desktop_id - e86e379f-5918-412f-b903-d11e6a1b7c20
2023-01-20 20:33:21,545 [MainThread  ] [INFO ]  Logger Started
2023-01-20 20:33:21,548 [MainThread  ] [INFO ]  Scheduler started
2023-01-20 20:33:21,836 [MainThread  ] [INFO ]  auto_fire_responses_webhook Interval: 6 hour
2023-01-20 20:33:21,837 [MainThread  ] [INFO ]  auto_fire_responses_webhook timer started
2023-01-20 20:33:31,708 [Thread-5    ] [INFO ]  Scheduler Campaign config saved
2023-01-20 20:33:39,823 [APScheduler ] [ERROR]  Unable to restore job "3b55e301-4b9b-465f-8d77-e49d8138eaa4" -- removing it
Traceback (most recent call last):
  File "D:\Upwork\2020\gmail_app\gmail_app_old\gmail_app_old\env\lib\site-packages\apscheduler\util.py", line 304, in ref_to_obj
    obj = getattr(obj, name)
AttributeError: module 'main' has no attribute 'run_scheduled_campaign'

During handling of the above exception, another exception occurred:

Traceback (most recent call last):
  File "D:\Upwork\2020\gmail_app\gmail_app_old\gmail_app_old\env\lib\site-packages\apscheduler\jobstores\sqlalchemy.py", line 141, in _get_jobs
    jobs.append(self._reconstitute_job(row.job_state))
  File "D:\Upwork\2020\gmail_app\gmail_app_old\gmail_app_old\env\lib\site-packages\apscheduler\jobstores\sqlalchemy.py", line 128, in _reconstitute_job
    job.__setstate__(job_state)
  File "D:\Upwork\2020\gmail_app\gmail_app_old\gmail_app_old\env\lib\site-packages\apscheduler\job.py", line 273, in __setstate__
    self.func = ref_to_obj(self.func_ref)
  File "D:\Upwork\2020\gmail_app\gmail_app_old\gmail_app_old\env\lib\site-packages\apscheduler\util.py", line 307, in ref_to_obj
    raise LookupError('Error resolving reference %s: error looking up object' % ref)
LookupError: Error resolving reference main:run_scheduled_campaign: error looking up object
2023-01-20 20:33:39,825 [APScheduler ] [ERROR]  Unable to restore job "3b55e301-4b9b-465f-8d77-e49d8138eaa4" -- removing it
Traceback (most recent call last):
  File "D:\Upwork\2020\gmail_app\gmail_app_old\gmail_app_old\env\lib\site-packages\apscheduler\util.py", line 304, in ref_to_obj
    obj = getattr(obj, name)
AttributeError: module 'main' has no attribute 'run_scheduled_campaign'

During handling of the above exception, another exception occurred:

Traceback (most recent call last):
  File "D:\Upwork\2020\gmail_app\gmail_app_old\gmail_app_old\env\lib\site-packages\apscheduler\jobstores\sqlalchemy.py", line 141, in _get_jobs
    jobs.append(self._reconstitute_job(row.job_state))
  File "D:\Upwork\2020\gmail_app\gmail_app_old\gmail_app_old\env\lib\site-packages\apscheduler\jobstores\sqlalchemy.py", line 128, in _reconstitute_job
    job.__setstate__(job_state)
  File "D:\Upwork\2020\gmail_app\gmail_app_old\gmail_app_old\env\lib\site-packages\apscheduler\job.py", line 273, in __setstate__
    self.func = ref_to_obj(self.func_ref)
  File "D:\Upwork\2020\gmail_app\gmail_app_old\gmail_app_old\env\lib\site-packages\apscheduler\util.py", line 307, in ref_to_obj
    raise LookupError('Error resolving reference %s: error looking up object' % ref)
LookupError: Error resolving reference main:run_scheduled_campaign: error looking up object
2023-01-20 20:44:24,449 [MainThread  ] [INFO ]  Logger Started
2023-01-20 20:44:24,510 [MainThread  ] [INFO ]  Scheduler started
2023-01-20 20:44:24,513 [MainThread  ] [INFO ]  gmonster_desktop_id - e86e379f-5918-412f-b903-d11e6a1b7c20
2023-01-20 20:44:25,145 [MainThread  ] [INFO ]  Logger Started
2023-01-20 20:44:25,146 [MainThread  ] [INFO ]  Scheduler started
2023-01-20 20:44:25,433 [MainThread  ] [INFO ]  auto_fire_responses_webhook Interval: 6 hour
2023-01-20 20:44:25,434 [MainThread  ] [INFO ]  auto_fire_responses_webhook timer started
2023-01-20 20:44:29,735 [Thread-5    ] [INFO ]  Scheduler Campaign config saved
2023-01-20 20:44:29,807 [Thread-4    ] [INFO ]  Added job "63121a9b-32b2-47fc-9b8d-3605df3cba53-group_a" to job store "default"
2023-01-20 20:44:29,808 [Thread-4    ] [INFO ]  Scheduled job id: 63121a9b-32b2-47fc-9b8d-3605df3cba53-group_a at 2023-01-20 00:00:00
2023-01-20 20:44:29,809 [ThreadPoolEx] [INFO ]  Starting MyMainClass.run_scheduled_campaign id: 63121a9b-32b2-47fc-9b8d-3605df3cba53-group_a
2023-01-20 20:44:29,809 [APScheduler ] [INFO ]  Removed job 63121a9b-32b2-47fc-9b8d-3605df3cba53-group_a
2023-01-20 20:44:29,813 [Thread-6    ] [INFO ]  config updated
2023-01-20 20:44:29,902 [ThreadPoolEx] [INFO ]  Completing MyMainClass.run_scheduled_campaign id: 63121a9b-32b2-47fc-9b8d-3605df3cba53-group_a
2023-01-20 20:44:29,969 [Thread-7    ] [INFO ]  
 Starting Send Campaign : 
 Target Removal - True
 Group Selected: Group A
 Webhook Enabled: False
 Email Block Check: False
 Emails Per Account: 1
 Len of Group: 2
 Len of Targets: 0
 Delay: 0 - 10
 Campaign ID: bfc85821-0544-42b1-b4a4-4b87fd4be308
 Add Custom Hostname: False
2023-01-20 20:44:30,039 [Thread-7    ] [INFO ]  removing email from target...
2023-01-20 20:44:30,085 [Thread-7    ] [INFO ]  Sending Finished bfc85821-0544-42b1-b4a4-4b87fd4be308
2023-01-20 22:08:09,257 [MainThread  ] [INFO ]  Logger Started
2023-01-20 22:08:12,356 [MainThread  ] [INFO ]  Scheduler started
2023-01-20 22:08:12,370 [MainThread  ] [INFO ]  gmonster_desktop_id - e86e379f-5918-412f-b903-d11e6a1b7c20
2023-01-20 22:08:14,841 [MainThread  ] [INFO ]  Logger Started
2023-01-20 22:08:14,842 [MainThread  ] [INFO ]  Scheduler started
2023-01-20 22:08:15,144 [MainThread  ] [INFO ]  auto_fire_responses_webhook Interval: 6 hour
2023-01-20 22:08:15,145 [MainThread  ] [INFO ]  auto_fire_responses_webhook timer started
2023-01-20 22:40:19,808 [Thread-5    ] [INFO ]  Scheduler Campaign config saved
2023-01-20 22:40:19,913 [Thread-4    ] [INFO ]  Added job "fadbbc27-eeaa-4b68-ae94-2674c675210f-group_a" to job store "default"
2023-01-20 22:40:19,915 [Thread-4    ] [INFO ]  Scheduled job id: fadbbc27-eeaa-4b68-ae94-2674c675210f-group_a at 2023-01-20 10:41:00
2023-01-20 22:40:19,916 [ThreadPoolEx] [INFO ]  Starting MyMainClass.run_scheduled_campaign id: fadbbc27-eeaa-4b68-ae94-2674c675210f-group_a
2023-01-20 22:40:19,916 [APScheduler ] [INFO ]  Removed job fadbbc27-eeaa-4b68-ae94-2674c675210f-group_a
2023-01-20 22:40:19,921 [Thread-6    ] [INFO ]  config updated
2023-01-20 22:40:19,926 [ThreadPoolEx] [INFO ]  Completing MyMainClass.run_scheduled_campaign id: fadbbc27-eeaa-4b68-ae94-2674c675210f-group_a
2023-01-20 22:40:19,927 [Thread-7    ] [INFO ]  
 Starting Send Campaign : 
 Target Removal - True
 Group Selected: Group A
 Webhook Enabled: False
 Email Block Check: False
 Emails Per Account: 1
 Len of Group: 2
 Len of Targets: 0
 Delay: 0 - 10
 Campaign ID: 603a47ff-766c-447c-8c80-fdf3e2cc177d
 Add Custom Hostname: False
2023-01-20 22:40:19,933 [Thread-7    ] [INFO ]  removing email from target...
2023-01-20 22:40:19,978 [Thread-7    ] [INFO ]  Sending Finished 603a47ff-766c-447c-8c80-fdf3e2cc177d
2023-01-20 22:40:31,431 [Thread-10   ] [INFO ]  Added job "1196d901-cca6-47b6-9481-b139ba343402-group_a" to job store "default"
2023-01-20 22:40:31,432 [Thread-10   ] [INFO ]  Scheduled job id: 1196d901-cca6-47b6-9481-b139ba343402-group_a at 2023-01-20 22:42:00
2023-01-20 22:40:31,433 [Thread-11   ] [INFO ]  Scheduler Campaign config saved
2023-01-20 22:40:53,096 [Thread-12   ] [INFO ]  Added job "89fcf5ce-56e8-45dd-9585-796ff40de2cb-group_b" to job store "default"
2023-01-20 22:40:53,097 [Thread-12   ] [INFO ]  Scheduled job id: 89fcf5ce-56e8-45dd-9585-796ff40de2cb-group_b at 2023-01-20 22:43:00
2023-01-20 22:40:53,202 [Thread-13   ] [INFO ]  Scheduler Campaign config saved
2023-01-20 22:42:00,001 [ThreadPoolEx] [INFO ]  Starting MyMainClass.run_scheduled_campaign id: 1196d901-cca6-47b6-9481-b139ba343402-group_a
2023-01-20 22:42:00,001 [APScheduler ] [INFO ]  Removed job 1196d901-cca6-47b6-9481-b139ba343402-group_a
2023-01-20 22:42:00,005 [Thread-14   ] [INFO ]  config updated
2023-01-20 22:42:00,007 [ThreadPoolEx] [INFO ]  Completing MyMainClass.run_scheduled_campaign id: 1196d901-cca6-47b6-9481-b139ba343402-group_a
2023-01-20 22:42:00,009 [Thread-15   ] [INFO ]  
 Starting Send Campaign : 
 Target Removal - True
 Group Selected: Group A
 Webhook Enabled: False
 Email Block Check: False
 Emails Per Account: 1
 Len of Group: 2
 Len of Targets: 0
 Delay: 0 - 10
 Campaign ID: 62c4fc3f-f716-40bd-a631-64a9e1632e0d
 Add Custom Hostname: False
2023-01-20 22:42:00,018 [Thread-15   ] [INFO ]  removing email from target...
2023-01-20 22:42:00,064 [Thread-15   ] [INFO ]  Sending Finished 62c4fc3f-f716-40bd-a631-64a9e1632e0d
2023-01-20 22:43:00,005 [ThreadPoolEx] [INFO ]  Starting MyMainClass.run_scheduled_campaign id: 89fcf5ce-56e8-45dd-9585-796ff40de2cb-group_b
2023-01-20 22:43:00,006 [APScheduler ] [INFO ]  Removed job 89fcf5ce-56e8-45dd-9585-796ff40de2cb-group_b
2023-01-20 22:43:00,360 [Thread-18   ] [INFO ]  config updated
2023-01-20 22:43:00,361 [ThreadPoolEx] [INFO ]  Completing MyMainClass.run_scheduled_campaign id: 89fcf5ce-56e8-45dd-9585-796ff40de2cb-group_b
2023-01-20 22:43:00,366 [Thread-19   ] [INFO ]  
 Starting Send Campaign : 
 Target Removal - True
 Group Selected: Group B
 Webhook Enabled: False
 Email Block Check: False
 Emails Per Account: 2
 Len of Group: 3
 Len of Targets: 0
 Delay: 0 - 10
 Campaign ID: 52f5422b-c83e-4cd4-aa7b-2ec0913f302f
 Add Custom Hostname: False
2023-01-20 22:43:00,381 [Thread-19   ] [INFO ]  removing email from target...
2023-01-20 22:43:00,435 [Thread-19   ] [INFO ]  Sending Finished 52f5422b-c83e-4cd4-aa7b-2ec0913f302f
2023-01-20 22:46:04,234 [MainThread  ] [INFO ]  Exiting
